<?xml version="1.0" encoding="UTF-8"?>
<testng-results ignored="0" total="2" passed="2" failed="0" skipped="0">
  <reporter-output>
  </reporter-output>
  <suite started-at="2022-07-06T17:26:16 IST" name="Suite1" finished-at="2022-07-06T17:26:29 IST" duration-ms="13231">
    <groups>
    </groups>
    <test started-at="2022-07-06T17:26:16 IST" name="Test1" finished-at="2022-07-06T17:26:29 IST" duration-ms="13231">
      <class name="Test1.TestNgParallelTestingTest">
        <test-method signature="test1()[pri:0, instance:Test1.TestNgParallelTestingTest@52102734]" started-at="2022-07-06T17:26:16 IST" name="test1" finished-at="2022-07-06T17:26:28 IST" duration-ms="12472" status="PASS">
          <reporter-output>
          </reporter-output>
        </test-method> <!-- test1 -->
        <test-method signature="test2()[pri:0, instance:Test1.TestNgParallelTestingTest@52102734]" started-at="2022-07-06T17:26:16 IST" name="test2" finished-at="2022-07-06T17:26:29 IST" duration-ms="13200" status="PASS">
          <reporter-output>
          </reporter-output>
        </test-method> <!-- test2 -->
      </class> <!-- Test1.TestNgParallelTestingTest -->
    </test> <!-- Test1 -->
  </suite> <!-- Suite1 -->
</testng-results>
